Сборка начата 19.12.2024 13:12:46.
Уровень детализации журнала: Normal.     1>Проект "C:\Users\admin\Documents\уник\3 СЕМ\КПО\19 лаба\lab_19\SE_asm01e\SE_asm01e.vcxproj" в узле 2 (целевые объекты Build).
     1>PrepareForBuild:
         Структурированный вывод включен. Форматирование диагностики компилятора будет отражать иерархию ошибок. Подробнее см. https://aka.ms/cpp/structured-output.
         Создание каталога "Debug\SE_asm01e.tlog\".
       InitializeBuildStatus:
         Создание "Debug\SE_asm01e.tlog\unsuccessfulbuild", так как было задано "AlwaysCreate".
         Обращение к "Debug\SE_asm01e.tlog\unsuccessfulbuild".
       _MASM:
         Assembling SE_asm01e.asm...
         cmd.exe /C "C:\Users\admin\AppData\Local\Temp\tmp0130f472137f40b28e850dd0afb57974.cmd"
         ml.exe /c /nologo /Zi /Fo"Debug\SE_asm01e.obj" /Fl"Debug\\" /W3 /errorReport:prompt  /TaSE_asm01e.asm
       Link:
         C:\Program Files\Microsoft Visual Studio\2022\Community\VC\Tools\MSVC\14.38.33130\bin\HostX86\x86\link.exe /ERRORREPORT:PROMPT /OUT:"C:\Users\admin\Documents\уник\3 СЕМ\КПО\19 лаба\lab_19\Debug\SE_asm01e.exe" /INCREMENTAL /ILK:"Debug\SE_asm01e.ilk" /NOLOGO kernel32.lib user32.lib gdi32.lib winspool.lib comdlg32.lib advapi32.lib shell32.lib ole32.lib oleaut32.lib uuid.lib odbc32.lib odbccp32.lib /MANIFEST /MANIFESTUAC:"level='asInvoker' uiAccess='false'" /manifest:embed /DEBUG /PDB:"C:\Users\admin\Documents\уник\3 СЕМ\КПО\19 лаба\lab_19\Debug\SE_asm01e.pdb" /SUBSYSTEM:WINDOWS /TLBID:1 /DYNAMICBASE /NXCOMPAT /IMPLIB:"C:\Users\admin\Documents\уник\3 СЕМ\КПО\19 лаба\lab_19\Debug\SE_asm01e.lib" /MACHINE:X86 Debug\SE_asm01e.obj
     1>SE_asm01e.obj : error LNK2019: ссылка на неразрешенный внешний символ _getmax в функции _main@0.
     1>SE_asm01e.obj : error LNK2019: ссылка на неразрешенный внешний символ _getmin в функции _main@0.
     1>C:\Users\admin\Documents\уник\3 СЕМ\КПО\19 лаба\lab_19\Debug\SE_asm01e.exe : fatal error LNK1120: неразрешенных внешних элементов: 2
     1>Сборка проекта "C:\Users\admin\Documents\уник\3 СЕМ\КПО\19 лаба\lab_19\SE_asm01e\SE_asm01e.vcxproj" завершена (целевые объекты Build) с ошибкой.

Ошибка сборки.

       "C:\Users\admin\Documents\уник\3 СЕМ\КПО\19 лаба\lab_19\SE_asm01e\SE_asm01e.vcxproj" (целевой объект Build ) (1) ->
       (Целевой объект Link) -> 
         SE_asm01e.obj : error LNK2019: ссылка на неразрешенный внешний символ _getmax в функции _main@0.
         SE_asm01e.obj : error LNK2019: ссылка на неразрешенный внешний символ _getmin в функции _main@0.
         C:\Users\admin\Documents\уник\3 СЕМ\КПО\19 лаба\lab_19\Debug\SE_asm01e.exe : fatal error LNK1120: неразрешенных внешних элементов: 2

    Предупреждений: 0
    Ошибок: 3

Прошло времени 00:00:01.05
